CRITICAL - 2022-10-27 23:59:00 --> Class 'Locale' not found
in SYSTEMPATH/CodeIgniter.php on line 181.
 1 ROOTPATH/spark(83): CodeIgniter\CodeIgniter->initialize()
ERROR - 2022-10-27 11:09:52 --> Error connecting to the database: mysqli_sql_exception: Access denied for user 'root'@'localhost' (using password: NO) in /var/www/html/bimbapp-beta/vendor/codeigniter4/framework/system/Database/MySQLi/Connection.php:171
Stack trace:
#0 /var/www/html/bimbapp-beta/vendor/codeigniter4/framework/system/Database/MySQLi/Connection.php(171): mysqli->real_connect()
#1 /var/www/html/bimbapp-beta/vendor/codeigniter4/framework/system/Database/BaseConnection.php(382): CodeIgniter\Database\MySQLi\Connection->connect()
#2 /var/www/html/bimbapp-beta/vendor/codeigniter4/framework/system/Database/BaseConnection.php(588): CodeIgniter\Database\BaseConnection->initialize()
#3 /var/www/html/bimbapp-beta/vendor/codeigniter4/framework/system/Database/BaseBuilder.php(1585): CodeIgniter\Database\BaseConnection->query()
#4 /var/www/html/bimbapp-beta/vendor/codeigniter4/framework/system/Model.php(250): CodeIgniter\Database\BaseBuilder->get()
#5 /var/www/html/bimbapp-beta/vendor/codeigniter4/framework/system/BaseModel.php(622): CodeIgniter\Model->doFirst()
#6 /var/www/html/bimbapp-beta/app/Controllers/Login.php(23): CodeIgniter\BaseModel->first()
#7 /var/www/html/bimbapp-beta/vendor/codeigniter4/framework/system/CodeIgniter.php(902): App\Controllers\Login->auth()
#8 /var/www/html/bimbapp-beta/vendor/codeigniter4/framework/system/CodeIgniter.php(457): CodeIgniter\CodeIgniter->runController()
#9 /var/www/html/bimbapp-beta/vendor/codeigniter4/framework/system/CodeIgniter.php(340): CodeIgniter\CodeIgniter->handleRequest()
#10 /var/www/html/bimbapp-beta/public/index.php(67): CodeIgniter\CodeIgniter->run()
#11 /var/www/html/bimbapp-beta/vendor/codeigniter4/framework/system/Commands/Server/rewrite.php(46): require_once('/var/www/html/b...')
#12 {main}

Next CodeIgniter\Database\Exceptions\DatabaseException: Access denied for user '****'@'localhost' (using password: NO) in /var/www/html/bimbapp-beta/vendor/codeigniter4/framework/system/Database/MySQLi/Connection.php:215
Stack trace:
#0 /var/www/html/bimbapp-beta/vendor/codeigniter4/framework/system/Database/BaseConnection.php(382): CodeIgniter\Database\MySQLi\Connection->connect()
#1 /var/www/html/bimbapp-beta/vendor/codeigniter4/framework/system/Database/BaseConnection.php(588): CodeIgniter\Database\BaseConnection->initialize()
#2 /var/www/html/bimbapp-beta/vendor/codeigniter4/framework/system/Database/BaseBuilder.php(1585): CodeIgniter\Database\BaseConnection->query()
#3 /var/www/html/bimbapp-beta/vendor/codeigniter4/framework/system/Model.php(250): CodeIgniter\Database\BaseBuilder->get()
#4 /var/www/html/bimbapp-beta/vendor/codeigniter4/framework/system/BaseModel.php(622): CodeIgniter\Model->doFirst()
#5 /var/www/html/bimbapp-beta/app/Controllers/Login.php(23): CodeIgniter\BaseModel->first()
#6 /var/www/html/bimbapp-beta/vendor/codeigniter4/framework/system/CodeIgniter.php(902): App\Controllers\Login->auth()
#7 /var/www/html/bimbapp-beta/vendor/codeigniter4/framework/system/CodeIgniter.php(457): CodeIgniter\CodeIgniter->runController()
#8 /var/www/html/bimbapp-beta/vendor/codeigniter4/framework/system/CodeIgniter.php(340): CodeIgniter\CodeIgniter->handleRequest()
#9 /var/www/html/bimbapp-beta/public/index.php(67): CodeIgniter\CodeIgniter->run()
#10 /var/www/html/bimbapp-beta/vendor/codeigniter4/framework/system/Commands/Server/rewrite.php(46): require_once('/var/www/html/b...')
#11 {main}
CRITICAL - 2022-10-27 11:09:52 --> Unable to connect to the database.
Main connection [MySQLi]: Access denied for user '****'@'localhost' (using password: NO)
in SYSTEMPATH/Database/BaseConnection.php on line 418.
 1 SYSTEMPATH/Database/BaseConnection.php(588): CodeIgniter\Database\BaseConnection->initialize()
 2 SYSTEMPATH/Database/BaseBuilder.php(1585): CodeIgniter\Database\BaseConnection->query()
 3 SYSTEMPATH/Model.php(250): CodeIgniter\Database\BaseBuilder->get()
 4 SYSTEMPATH/BaseModel.php(622): CodeIgniter\Model->doFirst()
 5 APPPATH/Controllers/Login.php(23): CodeIgniter\BaseModel->first()
 6 SYSTEMPATH/CodeIgniter.php(902): App\Controllers\Login->auth()
 7 SYSTEMPATH/CodeIgniter.php(457): CodeIgniter\CodeIgniter->runController()
 8 SYSTEMPATH/CodeIgniter.php(340): CodeIgniter\CodeIgniter->handleRequest()
 9 FCPATH/index.php(67): CodeIgniter\CodeIgniter->run()
10 SYSTEMPATH/Commands/Server/rewrite.php(46): require_once('FCPATH/index.php')
ERROR - 2022-10-27 11:11:25 --> Error connecting to the database: mysqli_sql_exception: Access denied for user 'root'@'localhost' (using password: NO) in /var/www/html/bimbapp-beta/vendor/codeigniter4/framework/system/Database/MySQLi/Connection.php:171
Stack trace:
#0 /var/www/html/bimbapp-beta/vendor/codeigniter4/framework/system/Database/MySQLi/Connection.php(171): mysqli->real_connect()
#1 /var/www/html/bimbapp-beta/vendor/codeigniter4/framework/system/Database/BaseConnection.php(382): CodeIgniter\Database\MySQLi\Connection->connect()
#2 /var/www/html/bimbapp-beta/vendor/codeigniter4/framework/system/Database/BaseConnection.php(588): CodeIgniter\Database\BaseConnection->initialize()
#3 /var/www/html/bimbapp-beta/vendor/codeigniter4/framework/system/Database/BaseBuilder.php(1585): CodeIgniter\Database\BaseConnection->query()
#4 /var/www/html/bimbapp-beta/vendor/codeigniter4/framework/system/Model.php(250): CodeIgniter\Database\BaseBuilder->get()
#5 /var/www/html/bimbapp-beta/vendor/codeigniter4/framework/system/BaseModel.php(622): CodeIgniter\Model->doFirst()
#6 /var/www/html/bimbapp-beta/app/Controllers/Login.php(23): CodeIgniter\BaseModel->first()
#7 /var/www/html/bimbapp-beta/vendor/codeigniter4/framework/system/CodeIgniter.php(902): App\Controllers\Login->auth()
#8 /var/www/html/bimbapp-beta/vendor/codeigniter4/framework/system/CodeIgniter.php(457): CodeIgniter\CodeIgniter->runController()
#9 /var/www/html/bimbapp-beta/vendor/codeigniter4/framework/system/CodeIgniter.php(340): CodeIgniter\CodeIgniter->handleRequest()
#10 /var/www/html/bimbapp-beta/public/index.php(67): CodeIgniter\CodeIgniter->run()
#11 /var/www/html/bimbapp-beta/vendor/codeigniter4/framework/system/Commands/Server/rewrite.php(46): require_once('/var/www/html/b...')
#12 {main}

Next CodeIgniter\Database\Exceptions\DatabaseException: Access denied for user '****'@'localhost' (using password: NO) in /var/www/html/bimbapp-beta/vendor/codeigniter4/framework/system/Database/MySQLi/Connection.php:215
Stack trace:
#0 /var/www/html/bimbapp-beta/vendor/codeigniter4/framework/system/Database/BaseConnection.php(382): CodeIgniter\Database\MySQLi\Connection->connect()
#1 /var/www/html/bimbapp-beta/vendor/codeigniter4/framework/system/Database/BaseConnection.php(588): CodeIgniter\Database\BaseConnection->initialize()
#2 /var/www/html/bimbapp-beta/vendor/codeigniter4/framework/system/Database/BaseBuilder.php(1585): CodeIgniter\Database\BaseConnection->query()
#3 /var/www/html/bimbapp-beta/vendor/codeigniter4/framework/system/Model.php(250): CodeIgniter\Database\BaseBuilder->get()
#4 /var/www/html/bimbapp-beta/vendor/codeigniter4/framework/system/BaseModel.php(622): CodeIgniter\Model->doFirst()
#5 /var/www/html/bimbapp-beta/app/Controllers/Login.php(23): CodeIgniter\BaseModel->first()
#6 /var/www/html/bimbapp-beta/vendor/codeigniter4/framework/system/CodeIgniter.php(902): App\Controllers\Login->auth()
#7 /var/www/html/bimbapp-beta/vendor/codeigniter4/framework/system/CodeIgniter.php(457): CodeIgniter\CodeIgniter->runController()
#8 /var/www/html/bimbapp-beta/vendor/codeigniter4/framework/system/CodeIgniter.php(340): CodeIgniter\CodeIgniter->handleRequest()
#9 /var/www/html/bimbapp-beta/public/index.php(67): CodeIgniter\CodeIgniter->run()
#10 /var/www/html/bimbapp-beta/vendor/codeigniter4/framework/system/Commands/Server/rewrite.php(46): require_once('/var/www/html/b...')
#11 {main}
CRITICAL - 2022-10-27 11:11:25 --> Unable to connect to the database.
Main connection [MySQLi]: Access denied for user '****'@'localhost' (using password: NO)
in SYSTEMPATH/Database/BaseConnection.php on line 418.
 1 SYSTEMPATH/Database/BaseConnection.php(588): CodeIgniter\Database\BaseConnection->initialize()
 2 SYSTEMPATH/Database/BaseBuilder.php(1585): CodeIgniter\Database\BaseConnection->query()
 3 SYSTEMPATH/Model.php(250): CodeIgniter\Database\BaseBuilder->get()
 4 SYSTEMPATH/BaseModel.php(622): CodeIgniter\Model->doFirst()
 5 APPPATH/Controllers/Login.php(23): CodeIgniter\BaseModel->first()
 6 SYSTEMPATH/CodeIgniter.php(902): App\Controllers\Login->auth()
 7 SYSTEMPATH/CodeIgniter.php(457): CodeIgniter\CodeIgniter->runController()
 8 SYSTEMPATH/CodeIgniter.php(340): CodeIgniter\CodeIgniter->handleRequest()
 9 FCPATH/index.php(67): CodeIgniter\CodeIgniter->run()
10 SYSTEMPATH/Commands/Server/rewrite.php(46): require_once('FCPATH/index.php')
ERROR - 2022-10-27 11:20:46 --> Error connecting to the database: mysqli_sql_exception: Access denied for user 'root'@'localhost' (using password: NO) in /var/www/html/bimbapp-beta/vendor/codeigniter4/framework/system/Database/MySQLi/Connection.php:171
Stack trace:
#0 /var/www/html/bimbapp-beta/vendor/codeigniter4/framework/system/Database/MySQLi/Connection.php(171): mysqli->real_connect()
#1 /var/www/html/bimbapp-beta/vendor/codeigniter4/framework/system/Database/BaseConnection.php(382): CodeIgniter\Database\MySQLi\Connection->connect()
#2 /var/www/html/bimbapp-beta/vendor/codeigniter4/framework/system/Database/BaseConnection.php(588): CodeIgniter\Database\BaseConnection->initialize()
#3 /var/www/html/bimbapp-beta/vendor/codeigniter4/framework/system/Database/BaseBuilder.php(1585): CodeIgniter\Database\BaseConnection->query()
#4 /var/www/html/bimbapp-beta/vendor/codeigniter4/framework/system/Model.php(250): CodeIgniter\Database\BaseBuilder->get()
#5 /var/www/html/bimbapp-beta/vendor/codeigniter4/framework/system/BaseModel.php(622): CodeIgniter\Model->doFirst()
#6 /var/www/html/bimbapp-beta/app/Controllers/Login.php(23): CodeIgniter\BaseModel->first()
#7 /var/www/html/bimbapp-beta/vendor/codeigniter4/framework/system/CodeIgniter.php(902): App\Controllers\Login->auth()
#8 /var/www/html/bimbapp-beta/vendor/codeigniter4/framework/system/CodeIgniter.php(457): CodeIgniter\CodeIgniter->runController()
#9 /var/www/html/bimbapp-beta/vendor/codeigniter4/framework/system/CodeIgniter.php(340): CodeIgniter\CodeIgniter->handleRequest()
#10 /var/www/html/bimbapp-beta/public/index.php(67): CodeIgniter\CodeIgniter->run()
#11 /var/www/html/bimbapp-beta/vendor/codeigniter4/framework/system/Commands/Server/rewrite.php(46): require_once('/var/www/html/b...')
#12 {main}

Next CodeIgniter\Database\Exceptions\DatabaseException: Access denied for user '****'@'localhost' (using password: NO) in /var/www/html/bimbapp-beta/vendor/codeigniter4/framework/system/Database/MySQLi/Connection.php:215
Stack trace:
#0 /var/www/html/bimbapp-beta/vendor/codeigniter4/framework/system/Database/BaseConnection.php(382): CodeIgniter\Database\MySQLi\Connection->connect()
#1 /var/www/html/bimbapp-beta/vendor/codeigniter4/framework/system/Database/BaseConnection.php(588): CodeIgniter\Database\BaseConnection->initialize()
#2 /var/www/html/bimbapp-beta/vendor/codeigniter4/framework/system/Database/BaseBuilder.php(1585): CodeIgniter\Database\BaseConnection->query()
#3 /var/www/html/bimbapp-beta/vendor/codeigniter4/framework/system/Model.php(250): CodeIgniter\Database\BaseBuilder->get()
#4 /var/www/html/bimbapp-beta/vendor/codeigniter4/framework/system/BaseModel.php(622): CodeIgniter\Model->doFirst()
#5 /var/www/html/bimbapp-beta/app/Controllers/Login.php(23): CodeIgniter\BaseModel->first()
#6 /var/www/html/bimbapp-beta/vendor/codeigniter4/framework/system/CodeIgniter.php(902): App\Controllers\Login->auth()
#7 /var/www/html/bimbapp-beta/vendor/codeigniter4/framework/system/CodeIgniter.php(457): CodeIgniter\CodeIgniter->runController()
#8 /var/www/html/bimbapp-beta/vendor/codeigniter4/framework/system/CodeIgniter.php(340): CodeIgniter\CodeIgniter->handleRequest()
#9 /var/www/html/bimbapp-beta/public/index.php(67): CodeIgniter\CodeIgniter->run()
#10 /var/www/html/bimbapp-beta/vendor/codeigniter4/framework/system/Commands/Server/rewrite.php(46): require_once('/var/www/html/b...')
#11 {main}
CRITICAL - 2022-10-27 11:20:46 --> Unable to connect to the database.
Main connection [MySQLi]: Access denied for user '****'@'localhost' (using password: NO)
in SYSTEMPATH/Database/BaseConnection.php on line 418.
 1 SYSTEMPATH/Database/BaseConnection.php(588): CodeIgniter\Database\BaseConnection->initialize()
 2 SYSTEMPATH/Database/BaseBuilder.php(1585): CodeIgniter\Database\BaseConnection->query()
 3 SYSTEMPATH/Model.php(250): CodeIgniter\Database\BaseBuilder->get()
 4 SYSTEMPATH/BaseModel.php(622): CodeIgniter\Model->doFirst()
 5 APPPATH/Controllers/Login.php(23): CodeIgniter\BaseModel->first()
 6 SYSTEMPATH/CodeIgniter.php(902): App\Controllers\Login->auth()
 7 SYSTEMPATH/CodeIgniter.php(457): CodeIgniter\CodeIgniter->runController()
 8 SYSTEMPATH/CodeIgniter.php(340): CodeIgniter\CodeIgniter->handleRequest()
 9 FCPATH/index.php(67): CodeIgniter\CodeIgniter->run()
10 SYSTEMPATH/Commands/Server/rewrite.php(46): require_once('FCPATH/index.php')
