CRITICAL - 2022-11-09 00:56:59 --> syntax error, unexpected '}'
in APPPATH/Controllers/Chat.php on line 23.
 1 SYSTEMPATH/Router/Router.php(499): CodeIgniter\Router\AutoRouter->getRoute()
 2 SYSTEMPATH/Router/Router.php(205): CodeIgniter\Router\Router->autoRoute()
 3 SYSTEMPATH/CodeIgniter.php(777): CodeIgniter\Router\Router->handle()
 4 SYSTEMPATH/CodeIgniter.php(406): CodeIgniter\CodeIgniter->tryToRouteIt()
 5 SYSTEMPATH/CodeIgniter.php(340): CodeIgniter\CodeIgniter->handleRequest()
 6 FCPATH/index.php(67): CodeIgniter\CodeIgniter->run()
 7 SYSTEMPATH/Commands/Server/rewrite.php(46): require_once('FCPATH/index.php')
CRITICAL - 2022-11-09 00:57:06 --> syntax error, unexpected '}'
in APPPATH/Controllers/Chat.php on line 23.
 1 SYSTEMPATH/Router/Router.php(499): CodeIgniter\Router\AutoRouter->getRoute()
 2 SYSTEMPATH/Router/Router.php(205): CodeIgniter\Router\Router->autoRoute()
 3 SYSTEMPATH/CodeIgniter.php(777): CodeIgniter\Router\Router->handle()
 4 SYSTEMPATH/CodeIgniter.php(406): CodeIgniter\CodeIgniter->tryToRouteIt()
 5 SYSTEMPATH/CodeIgniter.php(340): CodeIgniter\CodeIgniter->handleRequest()
 6 FCPATH/index.php(67): CodeIgniter\CodeIgniter->run()
 7 SYSTEMPATH/Commands/Server/rewrite.php(46): require_once('FCPATH/index.php')
CRITICAL - 2022-11-09 00:57:12 --> syntax error, unexpected '}'
in APPPATH/Controllers/Chat.php on line 23.
 1 SYSTEMPATH/Router/Router.php(499): CodeIgniter\Router\AutoRouter->getRoute()
 2 SYSTEMPATH/Router/Router.php(205): CodeIgniter\Router\Router->autoRoute()
 3 SYSTEMPATH/CodeIgniter.php(777): CodeIgniter\Router\Router->handle()
 4 SYSTEMPATH/CodeIgniter.php(406): CodeIgniter\CodeIgniter->tryToRouteIt()
 5 SYSTEMPATH/CodeIgniter.php(340): CodeIgniter\CodeIgniter->handleRequest()
 6 FCPATH/index.php(67): CodeIgniter\CodeIgniter->run()
 7 SYSTEMPATH/Commands/Server/rewrite.php(46): require_once('FCPATH/index.php')
CRITICAL - 2022-11-09 00:57:19 --> syntax error, unexpected '}'
in APPPATH/Controllers/Chat.php on line 23.
 1 SYSTEMPATH/Router/Router.php(499): CodeIgniter\Router\AutoRouter->getRoute()
 2 SYSTEMPATH/Router/Router.php(205): CodeIgniter\Router\Router->autoRoute()
 3 SYSTEMPATH/CodeIgniter.php(777): CodeIgniter\Router\Router->handle()
 4 SYSTEMPATH/CodeIgniter.php(406): CodeIgniter\CodeIgniter->tryToRouteIt()
 5 SYSTEMPATH/CodeIgniter.php(340): CodeIgniter\CodeIgniter->handleRequest()
 6 FCPATH/index.php(67): CodeIgniter\CodeIgniter->run()
 7 SYSTEMPATH/Commands/Server/rewrite.php(46): require_once('FCPATH/index.php')
CRITICAL - 2022-11-09 00:57:27 --> syntax error, unexpected '}'
in APPPATH/Controllers/Chat.php on line 23.
 1 SYSTEMPATH/Router/Router.php(499): CodeIgniter\Router\AutoRouter->getRoute()
 2 SYSTEMPATH/Router/Router.php(205): CodeIgniter\Router\Router->autoRoute()
 3 SYSTEMPATH/CodeIgniter.php(777): CodeIgniter\Router\Router->handle()
 4 SYSTEMPATH/CodeIgniter.php(406): CodeIgniter\CodeIgniter->tryToRouteIt()
 5 SYSTEMPATH/CodeIgniter.php(340): CodeIgniter\CodeIgniter->handleRequest()
 6 FCPATH/index.php(67): CodeIgniter\CodeIgniter->run()
 7 SYSTEMPATH/Commands/Server/rewrite.php(46): require_once('FCPATH/index.php')
CRITICAL - 2022-11-09 00:57:34 --> syntax error, unexpected '}'
in APPPATH/Controllers/Chat.php on line 23.
 1 SYSTEMPATH/Router/Router.php(499): CodeIgniter\Router\AutoRouter->getRoute()
 2 SYSTEMPATH/Router/Router.php(205): CodeIgniter\Router\Router->autoRoute()
 3 SYSTEMPATH/CodeIgniter.php(777): CodeIgniter\Router\Router->handle()
 4 SYSTEMPATH/CodeIgniter.php(406): CodeIgniter\CodeIgniter->tryToRouteIt()
 5 SYSTEMPATH/CodeIgniter.php(340): CodeIgniter\CodeIgniter->handleRequest()
 6 FCPATH/index.php(67): CodeIgniter\CodeIgniter->run()
 7 SYSTEMPATH/Commands/Server/rewrite.php(46): require_once('FCPATH/index.php')
CRITICAL - 2022-11-09 00:57:40 --> syntax error, unexpected '}'
in APPPATH/Controllers/Chat.php on line 23.
 1 SYSTEMPATH/Router/Router.php(499): CodeIgniter\Router\AutoRouter->getRoute()
 2 SYSTEMPATH/Router/Router.php(205): CodeIgniter\Router\Router->autoRoute()
 3 SYSTEMPATH/CodeIgniter.php(777): CodeIgniter\Router\Router->handle()
 4 SYSTEMPATH/CodeIgniter.php(406): CodeIgniter\CodeIgniter->tryToRouteIt()
 5 SYSTEMPATH/CodeIgniter.php(340): CodeIgniter\CodeIgniter->handleRequest()
 6 FCPATH/index.php(67): CodeIgniter\CodeIgniter->run()
 7 SYSTEMPATH/Commands/Server/rewrite.php(46): require_once('FCPATH/index.php')
CRITICAL - 2022-11-09 00:57:47 --> syntax error, unexpected '}'
in APPPATH/Controllers/Chat.php on line 23.
 1 SYSTEMPATH/Router/Router.php(499): CodeIgniter\Router\AutoRouter->getRoute()
 2 SYSTEMPATH/Router/Router.php(205): CodeIgniter\Router\Router->autoRoute()
 3 SYSTEMPATH/CodeIgniter.php(777): CodeIgniter\Router\Router->handle()
 4 SYSTEMPATH/CodeIgniter.php(406): CodeIgniter\CodeIgniter->tryToRouteIt()
 5 SYSTEMPATH/CodeIgniter.php(340): CodeIgniter\CodeIgniter->handleRequest()
 6 FCPATH/index.php(67): CodeIgniter\CodeIgniter->run()
 7 SYSTEMPATH/Commands/Server/rewrite.php(46): require_once('FCPATH/index.php')
CRITICAL - 2022-11-09 00:57:53 --> syntax error, unexpected '}'
in APPPATH/Controllers/Chat.php on line 23.
 1 SYSTEMPATH/Router/Router.php(499): CodeIgniter\Router\AutoRouter->getRoute()
 2 SYSTEMPATH/Router/Router.php(205): CodeIgniter\Router\Router->autoRoute()
 3 SYSTEMPATH/CodeIgniter.php(777): CodeIgniter\Router\Router->handle()
 4 SYSTEMPATH/CodeIgniter.php(406): CodeIgniter\CodeIgniter->tryToRouteIt()
 5 SYSTEMPATH/CodeIgniter.php(340): CodeIgniter\CodeIgniter->handleRequest()
 6 FCPATH/index.php(67): CodeIgniter\CodeIgniter->run()
 7 SYSTEMPATH/Commands/Server/rewrite.php(46): require_once('FCPATH/index.php')
CRITICAL - 2022-11-09 00:58:01 --> syntax error, unexpected '}'
in APPPATH/Controllers/Chat.php on line 23.
 1 SYSTEMPATH/Router/Router.php(499): CodeIgniter\Router\AutoRouter->getRoute()
 2 SYSTEMPATH/Router/Router.php(205): CodeIgniter\Router\Router->autoRoute()
 3 SYSTEMPATH/CodeIgniter.php(777): CodeIgniter\Router\Router->handle()
 4 SYSTEMPATH/CodeIgniter.php(406): CodeIgniter\CodeIgniter->tryToRouteIt()
 5 SYSTEMPATH/CodeIgniter.php(340): CodeIgniter\CodeIgniter->handleRequest()
 6 FCPATH/index.php(67): CodeIgniter\CodeIgniter->run()
 7 SYSTEMPATH/Commands/Server/rewrite.php(46): require_once('FCPATH/index.php')
CRITICAL - 2022-11-09 00:58:08 --> syntax error, unexpected '$data' (T_VARIABLE)
in APPPATH/Controllers/Chat.php on line 23.
 1 SYSTEMPATH/Router/Router.php(499): CodeIgniter\Router\AutoRouter->getRoute()
 2 SYSTEMPATH/Router/Router.php(205): CodeIgniter\Router\Router->autoRoute()
 3 SYSTEMPATH/CodeIgniter.php(777): CodeIgniter\Router\Router->handle()
 4 SYSTEMPATH/CodeIgniter.php(406): CodeIgniter\CodeIgniter->tryToRouteIt()
 5 SYSTEMPATH/CodeIgniter.php(340): CodeIgniter\CodeIgniter->handleRequest()
 6 FCPATH/index.php(67): CodeIgniter\CodeIgniter->run()
 7 SYSTEMPATH/Commands/Server/rewrite.php(46): require_once('FCPATH/index.php')
CRITICAL - 2022-11-09 00:58:16 --> syntax error, unexpected '$data' (T_VARIABLE)
in APPPATH/Controllers/Chat.php on line 23.
 1 SYSTEMPATH/Router/Router.php(499): CodeIgniter\Router\AutoRouter->getRoute()
 2 SYSTEMPATH/Router/Router.php(205): CodeIgniter\Router\Router->autoRoute()
 3 SYSTEMPATH/CodeIgniter.php(777): CodeIgniter\Router\Router->handle()
 4 SYSTEMPATH/CodeIgniter.php(406): CodeIgniter\CodeIgniter->tryToRouteIt()
 5 SYSTEMPATH/CodeIgniter.php(340): CodeIgniter\CodeIgniter->handleRequest()
 6 FCPATH/index.php(67): CodeIgniter\CodeIgniter->run()
 7 SYSTEMPATH/Commands/Server/rewrite.php(46): require_once('FCPATH/index.php')
CRITICAL - 2022-11-09 00:58:23 --> syntax error, unexpected '$data' (T_VARIABLE)
in APPPATH/Controllers/Chat.php on line 23.
 1 SYSTEMPATH/Router/Router.php(499): CodeIgniter\Router\AutoRouter->getRoute()
 2 SYSTEMPATH/Router/Router.php(205): CodeIgniter\Router\Router->autoRoute()
 3 SYSTEMPATH/CodeIgniter.php(777): CodeIgniter\Router\Router->handle()
 4 SYSTEMPATH/CodeIgniter.php(406): CodeIgniter\CodeIgniter->tryToRouteIt()
 5 SYSTEMPATH/CodeIgniter.php(340): CodeIgniter\CodeIgniter->handleRequest()
 6 FCPATH/index.php(67): CodeIgniter\CodeIgniter->run()
 7 SYSTEMPATH/Commands/Server/rewrite.php(46): require_once('FCPATH/index.php')
CRITICAL - 2022-11-09 00:58:30 --> syntax error, unexpected '$data' (T_VARIABLE)
in APPPATH/Controllers/Chat.php on line 23.
 1 SYSTEMPATH/Router/Router.php(499): CodeIgniter\Router\AutoRouter->getRoute()
 2 SYSTEMPATH/Router/Router.php(205): CodeIgniter\Router\Router->autoRoute()
 3 SYSTEMPATH/CodeIgniter.php(777): CodeIgniter\Router\Router->handle()
 4 SYSTEMPATH/CodeIgniter.php(406): CodeIgniter\CodeIgniter->tryToRouteIt()
 5 SYSTEMPATH/CodeIgniter.php(340): CodeIgniter\CodeIgniter->handleRequest()
 6 FCPATH/index.php(67): CodeIgniter\CodeIgniter->run()
 7 SYSTEMPATH/Commands/Server/rewrite.php(46): require_once('FCPATH/index.php')
CRITICAL - 2022-11-09 00:58:38 --> syntax error, unexpected '$data' (T_VARIABLE)
in APPPATH/Controllers/Chat.php on line 23.
 1 SYSTEMPATH/Router/Router.php(499): CodeIgniter\Router\AutoRouter->getRoute()
 2 SYSTEMPATH/Router/Router.php(205): CodeIgniter\Router\Router->autoRoute()
 3 SYSTEMPATH/CodeIgniter.php(777): CodeIgniter\Router\Router->handle()
 4 SYSTEMPATH/CodeIgniter.php(406): CodeIgniter\CodeIgniter->tryToRouteIt()
 5 SYSTEMPATH/CodeIgniter.php(340): CodeIgniter\CodeIgniter->handleRequest()
 6 FCPATH/index.php(67): CodeIgniter\CodeIgniter->run()
 7 SYSTEMPATH/Commands/Server/rewrite.php(46): require_once('FCPATH/index.php')
CRITICAL - 2022-11-09 00:58:43 --> syntax error, unexpected '$data' (T_VARIABLE)
in APPPATH/Controllers/Chat.php on line 23.
 1 SYSTEMPATH/Router/Router.php(499): CodeIgniter\Router\AutoRouter->getRoute()
 2 SYSTEMPATH/Router/Router.php(205): CodeIgniter\Router\Router->autoRoute()
 3 SYSTEMPATH/CodeIgniter.php(777): CodeIgniter\Router\Router->handle()
 4 SYSTEMPATH/CodeIgniter.php(406): CodeIgniter\CodeIgniter->tryToRouteIt()
 5 SYSTEMPATH/CodeIgniter.php(340): CodeIgniter\CodeIgniter->handleRequest()
 6 FCPATH/index.php(67): CodeIgniter\CodeIgniter->run()
 7 SYSTEMPATH/Commands/Server/rewrite.php(46): require_once('FCPATH/index.php')
CRITICAL - 2022-11-09 00:58:50 --> syntax error, unexpected '$data' (T_VARIABLE)
in APPPATH/Controllers/Chat.php on line 23.
 1 SYSTEMPATH/Router/Router.php(499): CodeIgniter\Router\AutoRouter->getRoute()
 2 SYSTEMPATH/Router/Router.php(205): CodeIgniter\Router\Router->autoRoute()
 3 SYSTEMPATH/CodeIgniter.php(777): CodeIgniter\Router\Router->handle()
 4 SYSTEMPATH/CodeIgniter.php(406): CodeIgniter\CodeIgniter->tryToRouteIt()
 5 SYSTEMPATH/CodeIgniter.php(340): CodeIgniter\CodeIgniter->handleRequest()
 6 FCPATH/index.php(67): CodeIgniter\CodeIgniter->run()
 7 SYSTEMPATH/Commands/Server/rewrite.php(46): require_once('FCPATH/index.php')
CRITICAL - 2022-11-09 00:58:57 --> syntax error, unexpected '$data' (T_VARIABLE)
in APPPATH/Controllers/Chat.php on line 23.
 1 SYSTEMPATH/Router/Router.php(499): CodeIgniter\Router\AutoRouter->getRoute()
 2 SYSTEMPATH/Router/Router.php(205): CodeIgniter\Router\Router->autoRoute()
 3 SYSTEMPATH/CodeIgniter.php(777): CodeIgniter\Router\Router->handle()
 4 SYSTEMPATH/CodeIgniter.php(406): CodeIgniter\CodeIgniter->tryToRouteIt()
 5 SYSTEMPATH/CodeIgniter.php(340): CodeIgniter\CodeIgniter->handleRequest()
 6 FCPATH/index.php(67): CodeIgniter\CodeIgniter->run()
 7 SYSTEMPATH/Commands/Server/rewrite.php(46): require_once('FCPATH/index.php')
CRITICAL - 2022-11-09 00:59:05 --> syntax error, unexpected '$data' (T_VARIABLE)
in APPPATH/Controllers/Chat.php on line 23.
 1 SYSTEMPATH/Router/Router.php(499): CodeIgniter\Router\AutoRouter->getRoute()
 2 SYSTEMPATH/Router/Router.php(205): CodeIgniter\Router\Router->autoRoute()
 3 SYSTEMPATH/CodeIgniter.php(777): CodeIgniter\Router\Router->handle()
 4 SYSTEMPATH/CodeIgniter.php(406): CodeIgniter\CodeIgniter->tryToRouteIt()
 5 SYSTEMPATH/CodeIgniter.php(340): CodeIgniter\CodeIgniter->handleRequest()
 6 FCPATH/index.php(67): CodeIgniter\CodeIgniter->run()
 7 SYSTEMPATH/Commands/Server/rewrite.php(46): require_once('FCPATH/index.php')
CRITICAL - 2022-11-09 00:59:12 --> syntax error, unexpected '$data' (T_VARIABLE)
in APPPATH/Controllers/Chat.php on line 23.
 1 SYSTEMPATH/Router/Router.php(499): CodeIgniter\Router\AutoRouter->getRoute()
 2 SYSTEMPATH/Router/Router.php(205): CodeIgniter\Router\Router->autoRoute()
 3 SYSTEMPATH/CodeIgniter.php(777): CodeIgniter\Router\Router->handle()
 4 SYSTEMPATH/CodeIgniter.php(406): CodeIgniter\CodeIgniter->tryToRouteIt()
 5 SYSTEMPATH/CodeIgniter.php(340): CodeIgniter\CodeIgniter->handleRequest()
 6 FCPATH/index.php(67): CodeIgniter\CodeIgniter->run()
 7 SYSTEMPATH/Commands/Server/rewrite.php(46): require_once('FCPATH/index.php')
CRITICAL - 2022-11-09 00:59:20 --> syntax error, unexpected '$data' (T_VARIABLE)
in APPPATH/Controllers/Chat.php on line 23.
 1 SYSTEMPATH/Router/Router.php(499): CodeIgniter\Router\AutoRouter->getRoute()
 2 SYSTEMPATH/Router/Router.php(205): CodeIgniter\Router\Router->autoRoute()
 3 SYSTEMPATH/CodeIgniter.php(777): CodeIgniter\Router\Router->handle()
 4 SYSTEMPATH/CodeIgniter.php(406): CodeIgniter\CodeIgniter->tryToRouteIt()
 5 SYSTEMPATH/CodeIgniter.php(340): CodeIgniter\CodeIgniter->handleRequest()
 6 FCPATH/index.php(67): CodeIgniter\CodeIgniter->run()
 7 SYSTEMPATH/Commands/Server/rewrite.php(46): require_once('FCPATH/index.php')
CRITICAL - 2022-11-09 00:59:26 --> syntax error, unexpected '$data' (T_VARIABLE)
in APPPATH/Controllers/Chat.php on line 23.
 1 SYSTEMPATH/Router/Router.php(499): CodeIgniter\Router\AutoRouter->getRoute()
 2 SYSTEMPATH/Router/Router.php(205): CodeIgniter\Router\Router->autoRoute()
 3 SYSTEMPATH/CodeIgniter.php(777): CodeIgniter\Router\Router->handle()
 4 SYSTEMPATH/CodeIgniter.php(406): CodeIgniter\CodeIgniter->tryToRouteIt()
 5 SYSTEMPATH/CodeIgniter.php(340): CodeIgniter\CodeIgniter->handleRequest()
 6 FCPATH/index.php(67): CodeIgniter\CodeIgniter->run()
 7 SYSTEMPATH/Commands/Server/rewrite.php(46): require_once('FCPATH/index.php')
CRITICAL - 2022-11-09 00:59:34 --> syntax error, unexpected '$data' (T_VARIABLE)
in APPPATH/Controllers/Chat.php on line 23.
 1 SYSTEMPATH/Router/Router.php(499): CodeIgniter\Router\AutoRouter->getRoute()
 2 SYSTEMPATH/Router/Router.php(205): CodeIgniter\Router\Router->autoRoute()
 3 SYSTEMPATH/CodeIgniter.php(777): CodeIgniter\Router\Router->handle()
 4 SYSTEMPATH/CodeIgniter.php(406): CodeIgniter\CodeIgniter->tryToRouteIt()
 5 SYSTEMPATH/CodeIgniter.php(340): CodeIgniter\CodeIgniter->handleRequest()
 6 FCPATH/index.php(67): CodeIgniter\CodeIgniter->run()
 7 SYSTEMPATH/Commands/Server/rewrite.php(46): require_once('FCPATH/index.php')
CRITICAL - 2022-11-09 00:59:41 --> syntax error, unexpected '$data' (T_VARIABLE)
in APPPATH/Controllers/Chat.php on line 23.
 1 SYSTEMPATH/Router/Router.php(499): CodeIgniter\Router\AutoRouter->getRoute()
 2 SYSTEMPATH/Router/Router.php(205): CodeIgniter\Router\Router->autoRoute()
 3 SYSTEMPATH/CodeIgniter.php(777): CodeIgniter\Router\Router->handle()
 4 SYSTEMPATH/CodeIgniter.php(406): CodeIgniter\CodeIgniter->tryToRouteIt()
 5 SYSTEMPATH/CodeIgniter.php(340): CodeIgniter\CodeIgniter->handleRequest()
 6 FCPATH/index.php(67): CodeIgniter\CodeIgniter->run()
 7 SYSTEMPATH/Commands/Server/rewrite.php(46): require_once('FCPATH/index.php')
CRITICAL - 2022-11-09 00:59:48 --> syntax error, unexpected '$data' (T_VARIABLE)
in APPPATH/Controllers/Chat.php on line 23.
 1 SYSTEMPATH/Router/Router.php(499): CodeIgniter\Router\AutoRouter->getRoute()
 2 SYSTEMPATH/Router/Router.php(205): CodeIgniter\Router\Router->autoRoute()
 3 SYSTEMPATH/CodeIgniter.php(777): CodeIgniter\Router\Router->handle()
 4 SYSTEMPATH/CodeIgniter.php(406): CodeIgniter\CodeIgniter->tryToRouteIt()
 5 SYSTEMPATH/CodeIgniter.php(340): CodeIgniter\CodeIgniter->handleRequest()
 6 FCPATH/index.php(67): CodeIgniter\CodeIgniter->run()
 7 SYSTEMPATH/Commands/Server/rewrite.php(46): require_once('FCPATH/index.php')
CRITICAL - 2022-11-09 00:59:55 --> syntax error, unexpected '$data' (T_VARIABLE)
in APPPATH/Controllers/Chat.php on line 23.
 1 SYSTEMPATH/Router/Router.php(499): CodeIgniter\Router\AutoRouter->getRoute()
 2 SYSTEMPATH/Router/Router.php(205): CodeIgniter\Router\Router->autoRoute()
 3 SYSTEMPATH/CodeIgniter.php(777): CodeIgniter\Router\Router->handle()
 4 SYSTEMPATH/CodeIgniter.php(406): CodeIgniter\CodeIgniter->tryToRouteIt()
 5 SYSTEMPATH/CodeIgniter.php(340): CodeIgniter\CodeIgniter->handleRequest()
 6 FCPATH/index.php(67): CodeIgniter\CodeIgniter->run()
 7 SYSTEMPATH/Commands/Server/rewrite.php(46): require_once('FCPATH/index.php')
CRITICAL - 2022-11-09 01:00:02 --> syntax error, unexpected '$data' (T_VARIABLE)
in APPPATH/Controllers/Chat.php on line 23.
 1 SYSTEMPATH/Router/Router.php(499): CodeIgniter\Router\AutoRouter->getRoute()
 2 SYSTEMPATH/Router/Router.php(205): CodeIgniter\Router\Router->autoRoute()
 3 SYSTEMPATH/CodeIgniter.php(777): CodeIgniter\Router\Router->handle()
 4 SYSTEMPATH/CodeIgniter.php(406): CodeIgniter\CodeIgniter->tryToRouteIt()
 5 SYSTEMPATH/CodeIgniter.php(340): CodeIgniter\CodeIgniter->handleRequest()
 6 FCPATH/index.php(67): CodeIgniter\CodeIgniter->run()
 7 SYSTEMPATH/Commands/Server/rewrite.php(46): require_once('FCPATH/index.php')
CRITICAL - 2022-11-09 01:00:10 --> syntax error, unexpected '$data' (T_VARIABLE)
in APPPATH/Controllers/Chat.php on line 23.
 1 SYSTEMPATH/Router/Router.php(499): CodeIgniter\Router\AutoRouter->getRoute()
 2 SYSTEMPATH/Router/Router.php(205): CodeIgniter\Router\Router->autoRoute()
 3 SYSTEMPATH/CodeIgniter.php(777): CodeIgniter\Router\Router->handle()
 4 SYSTEMPATH/CodeIgniter.php(406): CodeIgniter\CodeIgniter->tryToRouteIt()
 5 SYSTEMPATH/CodeIgniter.php(340): CodeIgniter\CodeIgniter->handleRequest()
 6 FCPATH/index.php(67): CodeIgniter\CodeIgniter->run()
 7 SYSTEMPATH/Commands/Server/rewrite.php(46): require_once('FCPATH/index.php')
CRITICAL - 2022-11-09 01:00:17 --> syntax error, unexpected '$data' (T_VARIABLE)
in APPPATH/Controllers/Chat.php on line 23.
 1 SYSTEMPATH/Router/Router.php(499): CodeIgniter\Router\AutoRouter->getRoute()
 2 SYSTEMPATH/Router/Router.php(205): CodeIgniter\Router\Router->autoRoute()
 3 SYSTEMPATH/CodeIgniter.php(777): CodeIgniter\Router\Router->handle()
 4 SYSTEMPATH/CodeIgniter.php(406): CodeIgniter\CodeIgniter->tryToRouteIt()
 5 SYSTEMPATH/CodeIgniter.php(340): CodeIgniter\CodeIgniter->handleRequest()
 6 FCPATH/index.php(67): CodeIgniter\CodeIgniter->run()
 7 SYSTEMPATH/Commands/Server/rewrite.php(46): require_once('FCPATH/index.php')
CRITICAL - 2022-11-09 01:00:23 --> syntax error, unexpected '$data' (T_VARIABLE)
in APPPATH/Controllers/Chat.php on line 23.
 1 SYSTEMPATH/Router/Router.php(499): CodeIgniter\Router\AutoRouter->getRoute()
 2 SYSTEMPATH/Router/Router.php(205): CodeIgniter\Router\Router->autoRoute()
 3 SYSTEMPATH/CodeIgniter.php(777): CodeIgniter\Router\Router->handle()
 4 SYSTEMPATH/CodeIgniter.php(406): CodeIgniter\CodeIgniter->tryToRouteIt()
 5 SYSTEMPATH/CodeIgniter.php(340): CodeIgniter\CodeIgniter->handleRequest()
 6 FCPATH/index.php(67): CodeIgniter\CodeIgniter->run()
 7 SYSTEMPATH/Commands/Server/rewrite.php(46): require_once('FCPATH/index.php')
CRITICAL - 2022-11-09 01:00:29 --> syntax error, unexpected '$data' (T_VARIABLE)
in APPPATH/Controllers/Chat.php on line 23.
 1 SYSTEMPATH/Router/Router.php(499): CodeIgniter\Router\AutoRouter->getRoute()
 2 SYSTEMPATH/Router/Router.php(205): CodeIgniter\Router\Router->autoRoute()
 3 SYSTEMPATH/CodeIgniter.php(777): CodeIgniter\Router\Router->handle()
 4 SYSTEMPATH/CodeIgniter.php(406): CodeIgniter\CodeIgniter->tryToRouteIt()
 5 SYSTEMPATH/CodeIgniter.php(340): CodeIgniter\CodeIgniter->handleRequest()
 6 FCPATH/index.php(67): CodeIgniter\CodeIgniter->run()
 7 SYSTEMPATH/Commands/Server/rewrite.php(46): require_once('FCPATH/index.php')
CRITICAL - 2022-11-09 01:00:36 --> syntax error, unexpected '$data' (T_VARIABLE)
in APPPATH/Controllers/Chat.php on line 23.
 1 SYSTEMPATH/Router/Router.php(499): CodeIgniter\Router\AutoRouter->getRoute()
 2 SYSTEMPATH/Router/Router.php(205): CodeIgniter\Router\Router->autoRoute()
 3 SYSTEMPATH/CodeIgniter.php(777): CodeIgniter\Router\Router->handle()
 4 SYSTEMPATH/CodeIgniter.php(406): CodeIgniter\CodeIgniter->tryToRouteIt()
 5 SYSTEMPATH/CodeIgniter.php(340): CodeIgniter\CodeIgniter->handleRequest()
 6 FCPATH/index.php(67): CodeIgniter\CodeIgniter->run()
 7 SYSTEMPATH/Commands/Server/rewrite.php(46): require_once('FCPATH/index.php')
CRITICAL - 2022-11-09 01:00:43 --> syntax error, unexpected '$data' (T_VARIABLE)
in APPPATH/Controllers/Chat.php on line 23.
 1 SYSTEMPATH/Router/Router.php(499): CodeIgniter\Router\AutoRouter->getRoute()
 2 SYSTEMPATH/Router/Router.php(205): CodeIgniter\Router\Router->autoRoute()
 3 SYSTEMPATH/CodeIgniter.php(777): CodeIgniter\Router\Router->handle()
 4 SYSTEMPATH/CodeIgniter.php(406): CodeIgniter\CodeIgniter->tryToRouteIt()
 5 SYSTEMPATH/CodeIgniter.php(340): CodeIgniter\CodeIgniter->handleRequest()
 6 FCPATH/index.php(67): CodeIgniter\CodeIgniter->run()
 7 SYSTEMPATH/Commands/Server/rewrite.php(46): require_once('FCPATH/index.php')
CRITICAL - 2022-11-09 01:00:50 --> syntax error, unexpected '$data' (T_VARIABLE)
in APPPATH/Controllers/Chat.php on line 23.
 1 SYSTEMPATH/Router/Router.php(499): CodeIgniter\Router\AutoRouter->getRoute()
 2 SYSTEMPATH/Router/Router.php(205): CodeIgniter\Router\Router->autoRoute()
 3 SYSTEMPATH/CodeIgniter.php(777): CodeIgniter\Router\Router->handle()
 4 SYSTEMPATH/CodeIgniter.php(406): CodeIgniter\CodeIgniter->tryToRouteIt()
 5 SYSTEMPATH/CodeIgniter.php(340): CodeIgniter\CodeIgniter->handleRequest()
 6 FCPATH/index.php(67): CodeIgniter\CodeIgniter->run()
 7 SYSTEMPATH/Commands/Server/rewrite.php(46): require_once('FCPATH/index.php')
CRITICAL - 2022-11-09 01:00:57 --> syntax error, unexpected '$data' (T_VARIABLE)
in APPPATH/Controllers/Chat.php on line 23.
 1 SYSTEMPATH/Router/Router.php(499): CodeIgniter\Router\AutoRouter->getRoute()
 2 SYSTEMPATH/Router/Router.php(205): CodeIgniter\Router\Router->autoRoute()
 3 SYSTEMPATH/CodeIgniter.php(777): CodeIgniter\Router\Router->handle()
 4 SYSTEMPATH/CodeIgniter.php(406): CodeIgniter\CodeIgniter->tryToRouteIt()
 5 SYSTEMPATH/CodeIgniter.php(340): CodeIgniter\CodeIgniter->handleRequest()
 6 FCPATH/index.php(67): CodeIgniter\CodeIgniter->run()
 7 SYSTEMPATH/Commands/Server/rewrite.php(46): require_once('FCPATH/index.php')
CRITICAL - 2022-11-09 01:01:05 --> syntax error, unexpected '$data' (T_VARIABLE)
in APPPATH/Controllers/Chat.php on line 23.
 1 SYSTEMPATH/Router/Router.php(499): CodeIgniter\Router\AutoRouter->getRoute()
 2 SYSTEMPATH/Router/Router.php(205): CodeIgniter\Router\Router->autoRoute()
 3 SYSTEMPATH/CodeIgniter.php(777): CodeIgniter\Router\Router->handle()
 4 SYSTEMPATH/CodeIgniter.php(406): CodeIgniter\CodeIgniter->tryToRouteIt()
 5 SYSTEMPATH/CodeIgniter.php(340): CodeIgniter\CodeIgniter->handleRequest()
 6 FCPATH/index.php(67): CodeIgniter\CodeIgniter->run()
 7 SYSTEMPATH/Commands/Server/rewrite.php(46): require_once('FCPATH/index.php')
CRITICAL - 2022-11-09 01:01:13 --> syntax error, unexpected '$data' (T_VARIABLE)
in APPPATH/Controllers/Chat.php on line 23.
 1 SYSTEMPATH/Router/Router.php(499): CodeIgniter\Router\AutoRouter->getRoute()
 2 SYSTEMPATH/Router/Router.php(205): CodeIgniter\Router\Router->autoRoute()
 3 SYSTEMPATH/CodeIgniter.php(777): CodeIgniter\Router\Router->handle()
 4 SYSTEMPATH/CodeIgniter.php(406): CodeIgniter\CodeIgniter->tryToRouteIt()
 5 SYSTEMPATH/CodeIgniter.php(340): CodeIgniter\CodeIgniter->handleRequest()
 6 FCPATH/index.php(67): CodeIgniter\CodeIgniter->run()
 7 SYSTEMPATH/Commands/Server/rewrite.php(46): require_once('FCPATH/index.php')
CRITICAL - 2022-11-09 01:01:21 --> syntax error, unexpected '$data' (T_VARIABLE)
in APPPATH/Controllers/Chat.php on line 23.
 1 SYSTEMPATH/Router/Router.php(499): CodeIgniter\Router\AutoRouter->getRoute()
 2 SYSTEMPATH/Router/Router.php(205): CodeIgniter\Router\Router->autoRoute()
 3 SYSTEMPATH/CodeIgniter.php(777): CodeIgniter\Router\Router->handle()
 4 SYSTEMPATH/CodeIgniter.php(406): CodeIgniter\CodeIgniter->tryToRouteIt()
 5 SYSTEMPATH/CodeIgniter.php(340): CodeIgniter\CodeIgniter->handleRequest()
 6 FCPATH/index.php(67): CodeIgniter\CodeIgniter->run()
 7 SYSTEMPATH/Commands/Server/rewrite.php(46): require_once('FCPATH/index.php')
CRITICAL - 2022-11-09 01:01:27 --> syntax error, unexpected '$data' (T_VARIABLE)
in APPPATH/Controllers/Chat.php on line 23.
 1 SYSTEMPATH/Router/Router.php(499): CodeIgniter\Router\AutoRouter->getRoute()
 2 SYSTEMPATH/Router/Router.php(205): CodeIgniter\Router\Router->autoRoute()
 3 SYSTEMPATH/CodeIgniter.php(777): CodeIgniter\Router\Router->handle()
 4 SYSTEMPATH/CodeIgniter.php(406): CodeIgniter\CodeIgniter->tryToRouteIt()
 5 SYSTEMPATH/CodeIgniter.php(340): CodeIgniter\CodeIgniter->handleRequest()
 6 FCPATH/index.php(67): CodeIgniter\CodeIgniter->run()
 7 SYSTEMPATH/Commands/Server/rewrite.php(46): require_once('FCPATH/index.php')
CRITICAL - 2022-11-09 01:01:35 --> syntax error, unexpected '$data' (T_VARIABLE)
in APPPATH/Controllers/Chat.php on line 23.
 1 SYSTEMPATH/Router/Router.php(499): CodeIgniter\Router\AutoRouter->getRoute()
 2 SYSTEMPATH/Router/Router.php(205): CodeIgniter\Router\Router->autoRoute()
 3 SYSTEMPATH/CodeIgniter.php(777): CodeIgniter\Router\Router->handle()
 4 SYSTEMPATH/CodeIgniter.php(406): CodeIgniter\CodeIgniter->tryToRouteIt()
 5 SYSTEMPATH/CodeIgniter.php(340): CodeIgniter\CodeIgniter->handleRequest()
 6 FCPATH/index.php(67): CodeIgniter\CodeIgniter->run()
 7 SYSTEMPATH/Commands/Server/rewrite.php(46): require_once('FCPATH/index.php')
CRITICAL - 2022-11-09 01:01:43 --> syntax error, unexpected ')'
in APPPATH/Controllers/Chat.php on line 25.
 1 SYSTEMPATH/Router/Router.php(499): CodeIgniter\Router\AutoRouter->getRoute()
 2 SYSTEMPATH/Router/Router.php(205): CodeIgniter\Router\Router->autoRoute()
 3 SYSTEMPATH/CodeIgniter.php(777): CodeIgniter\Router\Router->handle()
 4 SYSTEMPATH/CodeIgniter.php(406): CodeIgniter\CodeIgniter->tryToRouteIt()
 5 SYSTEMPATH/CodeIgniter.php(340): CodeIgniter\CodeIgniter->handleRequest()
 6 FCPATH/index.php(67): CodeIgniter\CodeIgniter->run()
 7 SYSTEMPATH/Commands/Server/rewrite.php(46): require_once('FCPATH/index.php')
CRITICAL - 2022-11-09 01:01:50 --> syntax error, unexpected ')'
in APPPATH/Controllers/Chat.php on line 25.
 1 SYSTEMPATH/Router/Router.php(499): CodeIgniter\Router\AutoRouter->getRoute()
 2 SYSTEMPATH/Router/Router.php(205): CodeIgniter\Router\Router->autoRoute()
 3 SYSTEMPATH/CodeIgniter.php(777): CodeIgniter\Router\Router->handle()
 4 SYSTEMPATH/CodeIgniter.php(406): CodeIgniter\CodeIgniter->tryToRouteIt()
 5 SYSTEMPATH/CodeIgniter.php(340): CodeIgniter\CodeIgniter->handleRequest()
 6 FCPATH/index.php(67): CodeIgniter\CodeIgniter->run()
 7 SYSTEMPATH/Commands/Server/rewrite.php(46): require_once('FCPATH/index.php')
CRITICAL - 2022-11-09 01:01:57 --> syntax error, unexpected ')'
in APPPATH/Controllers/Chat.php on line 25.
 1 SYSTEMPATH/Router/Router.php(499): CodeIgniter\Router\AutoRouter->getRoute()
 2 SYSTEMPATH/Router/Router.php(205): CodeIgniter\Router\Router->autoRoute()
 3 SYSTEMPATH/CodeIgniter.php(777): CodeIgniter\Router\Router->handle()
 4 SYSTEMPATH/CodeIgniter.php(406): CodeIgniter\CodeIgniter->tryToRouteIt()
 5 SYSTEMPATH/CodeIgniter.php(340): CodeIgniter\CodeIgniter->handleRequest()
 6 FCPATH/index.php(67): CodeIgniter\CodeIgniter->run()
 7 SYSTEMPATH/Commands/Server/rewrite.php(46): require_once('FCPATH/index.php')
CRITICAL - 2022-11-09 01:02:03 --> syntax error, unexpected ')'
in APPPATH/Controllers/Chat.php on line 25.
 1 SYSTEMPATH/Router/Router.php(499): CodeIgniter\Router\AutoRouter->getRoute()
 2 SYSTEMPATH/Router/Router.php(205): CodeIgniter\Router\Router->autoRoute()
 3 SYSTEMPATH/CodeIgniter.php(777): CodeIgniter\Router\Router->handle()
 4 SYSTEMPATH/CodeIgniter.php(406): CodeIgniter\CodeIgniter->tryToRouteIt()
 5 SYSTEMPATH/CodeIgniter.php(340): CodeIgniter\CodeIgniter->handleRequest()
 6 FCPATH/index.php(67): CodeIgniter\CodeIgniter->run()
 7 SYSTEMPATH/Commands/Server/rewrite.php(46): require_once('FCPATH/index.php')
CRITICAL - 2022-11-09 01:02:11 --> syntax error, unexpected ')'
in APPPATH/Controllers/Chat.php on line 26.
 1 SYSTEMPATH/Router/Router.php(499): CodeIgniter\Router\AutoRouter->getRoute()
 2 SYSTEMPATH/Router/Router.php(205): CodeIgniter\Router\Router->autoRoute()
 3 SYSTEMPATH/CodeIgniter.php(777): CodeIgniter\Router\Router->handle()
 4 SYSTEMPATH/CodeIgniter.php(406): CodeIgniter\CodeIgniter->tryToRouteIt()
 5 SYSTEMPATH/CodeIgniter.php(340): CodeIgniter\CodeIgniter->handleRequest()
 6 FCPATH/index.php(67): CodeIgniter\CodeIgniter->run()
 7 SYSTEMPATH/Commands/Server/rewrite.php(46): require_once('FCPATH/index.php')
CRITICAL - 2022-11-09 01:02:18 --> syntax error, unexpected ')'
in APPPATH/Controllers/Chat.php on line 26.
 1 SYSTEMPATH/Router/Router.php(499): CodeIgniter\Router\AutoRouter->getRoute()
 2 SYSTEMPATH/Router/Router.php(205): CodeIgniter\Router\Router->autoRoute()
 3 SYSTEMPATH/CodeIgniter.php(777): CodeIgniter\Router\Router->handle()
 4 SYSTEMPATH/CodeIgniter.php(406): CodeIgniter\CodeIgniter->tryToRouteIt()
 5 SYSTEMPATH/CodeIgniter.php(340): CodeIgniter\CodeIgniter->handleRequest()
 6 FCPATH/index.php(67): CodeIgniter\CodeIgniter->run()
 7 SYSTEMPATH/Commands/Server/rewrite.php(46): require_once('FCPATH/index.php')
CRITICAL - 2022-11-09 01:02:26 --> syntax error, unexpected ')'
in APPPATH/Controllers/Chat.php on line 26.
 1 SYSTEMPATH/Router/Router.php(499): CodeIgniter\Router\AutoRouter->getRoute()
 2 SYSTEMPATH/Router/Router.php(205): CodeIgniter\Router\Router->autoRoute()
 3 SYSTEMPATH/CodeIgniter.php(777): CodeIgniter\Router\Router->handle()
 4 SYSTEMPATH/CodeIgniter.php(406): CodeIgniter\CodeIgniter->tryToRouteIt()
 5 SYSTEMPATH/CodeIgniter.php(340): CodeIgniter\CodeIgniter->handleRequest()
 6 FCPATH/index.php(67): CodeIgniter\CodeIgniter->run()
 7 SYSTEMPATH/Commands/Server/rewrite.php(46): require_once('FCPATH/index.php')
CRITICAL - 2022-11-09 01:02:34 --> syntax error, unexpected ')'
in APPPATH/Controllers/Chat.php on line 26.
 1 SYSTEMPATH/Router/Router.php(499): CodeIgniter\Router\AutoRouter->getRoute()
 2 SYSTEMPATH/Router/Router.php(205): CodeIgniter\Router\Router->autoRoute()
 3 SYSTEMPATH/CodeIgniter.php(777): CodeIgniter\Router\Router->handle()
 4 SYSTEMPATH/CodeIgniter.php(406): CodeIgniter\CodeIgniter->tryToRouteIt()
 5 SYSTEMPATH/CodeIgniter.php(340): CodeIgniter\CodeIgniter->handleRequest()
 6 FCPATH/index.php(67): CodeIgniter\CodeIgniter->run()
 7 SYSTEMPATH/Commands/Server/rewrite.php(46): require_once('FCPATH/index.php')
CRITICAL - 2022-11-09 01:02:42 --> syntax error, unexpected ')'
in APPPATH/Controllers/Chat.php on line 26.
 1 SYSTEMPATH/Router/Router.php(499): CodeIgniter\Router\AutoRouter->getRoute()
 2 SYSTEMPATH/Router/Router.php(205): CodeIgniter\Router\Router->autoRoute()
 3 SYSTEMPATH/CodeIgniter.php(777): CodeIgniter\Router\Router->handle()
 4 SYSTEMPATH/CodeIgniter.php(406): CodeIgniter\CodeIgniter->tryToRouteIt()
 5 SYSTEMPATH/CodeIgniter.php(340): CodeIgniter\CodeIgniter->handleRequest()
 6 FCPATH/index.php(67): CodeIgniter\CodeIgniter->run()
 7 SYSTEMPATH/Commands/Server/rewrite.php(46): require_once('FCPATH/index.php')
CRITICAL - 2022-11-09 01:02:48 --> syntax error, unexpected ')'
in APPPATH/Controllers/Chat.php on line 26.
 1 SYSTEMPATH/Router/Router.php(499): CodeIgniter\Router\AutoRouter->getRoute()
 2 SYSTEMPATH/Router/Router.php(205): CodeIgniter\Router\Router->autoRoute()
 3 SYSTEMPATH/CodeIgniter.php(777): CodeIgniter\Router\Router->handle()
 4 SYSTEMPATH/CodeIgniter.php(406): CodeIgniter\CodeIgniter->tryToRouteIt()
 5 SYSTEMPATH/CodeIgniter.php(340): CodeIgniter\CodeIgniter->handleRequest()
 6 FCPATH/index.php(67): CodeIgniter\CodeIgniter->run()
 7 SYSTEMPATH/Commands/Server/rewrite.php(46): require_once('FCPATH/index.php')
CRITICAL - 2022-11-09 01:02:53 --> syntax error, unexpected ')'
in APPPATH/Controllers/Chat.php on line 26.
 1 SYSTEMPATH/Router/Router.php(499): CodeIgniter\Router\AutoRouter->getRoute()
 2 SYSTEMPATH/Router/Router.php(205): CodeIgniter\Router\Router->autoRoute()
 3 SYSTEMPATH/CodeIgniter.php(777): CodeIgniter\Router\Router->handle()
 4 SYSTEMPATH/CodeIgniter.php(406): CodeIgniter\CodeIgniter->tryToRouteIt()
 5 SYSTEMPATH/CodeIgniter.php(340): CodeIgniter\CodeIgniter->handleRequest()
 6 FCPATH/index.php(67): CodeIgniter\CodeIgniter->run()
 7 SYSTEMPATH/Commands/Server/rewrite.php(46): require_once('FCPATH/index.php')
CRITICAL - 2022-11-09 01:04:21 --> Undefined index: id_pa
in APPPATH/Controllers/Chat.php on line 22.
 1 APPPATH/Controllers/Chat.php(22): CodeIgniter\Debug\Exceptions->errorHandler()
 2 SYSTEMPATH/CodeIgniter.php(902): App\Controllers\Chat->index()
 3 SYSTEMPATH/CodeIgniter.php(457): CodeIgniter\CodeIgniter->runController()
 4 SYSTEMPATH/CodeIgniter.php(340): CodeIgniter\CodeIgniter->handleRequest()
 5 FCPATH/index.php(67): CodeIgniter\CodeIgniter->run()
 6 SYSTEMPATH/Commands/Server/rewrite.php(46): require_once('FCPATH/index.php')
CRITICAL - 2022-11-09 01:04:28 --> max(): When only one parameter is given, it must be an array
in APPPATH/Controllers/Chat.php on line 23.
 1 [internal function]: CodeIgniter\Debug\Exceptions->errorHandler()
 2 APPPATH/Controllers/Chat.php(23): max()
 3 SYSTEMPATH/CodeIgniter.php(902): App\Controllers\Chat->index()
 4 SYSTEMPATH/CodeIgniter.php(457): CodeIgniter\CodeIgniter->runController()
 5 SYSTEMPATH/CodeIgniter.php(340): CodeIgniter\CodeIgniter->handleRequest()
 6 FCPATH/index.php(67): CodeIgniter\CodeIgniter->run()
 7 SYSTEMPATH/Commands/Server/rewrite.php(46): require_once('FCPATH/index.php')
CRITICAL - 2022-11-09 01:06:14 --> Undefined variable: max
in APPPATH/Controllers/Chat.php on line 26.
 1 APPPATH/Controllers/Chat.php(26): CodeIgniter\Debug\Exceptions->errorHandler()
 2 SYSTEMPATH/CodeIgniter.php(902): App\Controllers\Chat->index()
 3 SYSTEMPATH/CodeIgniter.php(457): CodeIgniter\CodeIgniter->runController()
 4 SYSTEMPATH/CodeIgniter.php(340): CodeIgniter\CodeIgniter->handleRequest()
 5 FCPATH/index.php(67): CodeIgniter\CodeIgniter->run()
 6 SYSTEMPATH/Commands/Server/rewrite.php(46): require_once('FCPATH/index.php')
CRITICAL - 2022-11-09 01:07:45 --> Illegal offset type
in SYSTEMPATH/Database/BaseBuilder.php on line 711.
 1 SYSTEMPATH/Database/BaseBuilder.php(711): CodeIgniter\Debug\Exceptions->errorHandler()
 2 SYSTEMPATH/Database/BaseBuilder.php(674): CodeIgniter\Database\BaseBuilder->whereHaving()
 3 SYSTEMPATH/Database/BaseBuilder.php(1709): CodeIgniter\Database\BaseBuilder->where()
 4 APPPATH/Controllers/Chat.php(25): CodeIgniter\Database\BaseBuilder->getWhere()
 5 SYSTEMPATH/CodeIgniter.php(902): App\Controllers\Chat->index()
 6 SYSTEMPATH/CodeIgniter.php(457): CodeIgniter\CodeIgniter->runController()
 7 SYSTEMPATH/CodeIgniter.php(340): CodeIgniter\CodeIgniter->handleRequest()
 8 FCPATH/index.php(67): CodeIgniter\CodeIgniter->run()
 9 SYSTEMPATH/Commands/Server/rewrite.php(46): require_once('FCPATH/index.php')
CRITICAL - 2022-11-09 01:08:06 --> Illegal offset type
in SYSTEMPATH/Database/BaseBuilder.php on line 711.
 1 SYSTEMPATH/Database/BaseBuilder.php(711): CodeIgniter\Debug\Exceptions->errorHandler()
 2 SYSTEMPATH/Database/BaseBuilder.php(674): CodeIgniter\Database\BaseBuilder->whereHaving()
 3 APPPATH/Controllers/Chat.php(25): CodeIgniter\Database\BaseBuilder->where()
 4 SYSTEMPATH/CodeIgniter.php(902): App\Controllers\Chat->index()
 5 SYSTEMPATH/CodeIgniter.php(457): CodeIgniter\CodeIgniter->runController()
 6 SYSTEMPATH/CodeIgniter.php(340): CodeIgniter\CodeIgniter->handleRequest()
 7 FCPATH/index.php(67): CodeIgniter\CodeIgniter->run()
 8 SYSTEMPATH/Commands/Server/rewrite.php(46): require_once('FCPATH/index.php')
CRITICAL - 2022-11-09 01:25:44 --> Illegal offset type
in SYSTEMPATH/Database/BaseBuilder.php on line 711.
 1 SYSTEMPATH/Database/BaseBuilder.php(711): CodeIgniter\Debug\Exceptions->errorHandler()
 2 SYSTEMPATH/Database/BaseBuilder.php(674): CodeIgniter\Database\BaseBuilder->whereHaving()
 3 APPPATH/Controllers/Chat.php(25): CodeIgniter\Database\BaseBuilder->where()
 4 SYSTEMPATH/CodeIgniter.php(902): App\Controllers\Chat->index()
 5 SYSTEMPATH/CodeIgniter.php(457): CodeIgniter\CodeIgniter->runController()
 6 SYSTEMPATH/CodeIgniter.php(340): CodeIgniter\CodeIgniter->handleRequest()
 7 FCPATH/index.php(67): CodeIgniter\CodeIgniter->run()
 8 SYSTEMPATH/Commands/Server/rewrite.php(46): require_once('FCPATH/index.php')
CRITICAL - 2022-11-09 01:28:04 --> Illegal offset type
in SYSTEMPATH/Database/BaseBuilder.php on line 711.
 1 SYSTEMPATH/Database/BaseBuilder.php(711): CodeIgniter\Debug\Exceptions->errorHandler()
 2 SYSTEMPATH/Database/BaseBuilder.php(674): CodeIgniter\Database\BaseBuilder->whereHaving()
 3 APPPATH/Controllers/Chat.php(25): CodeIgniter\Database\BaseBuilder->where()
 4 SYSTEMPATH/CodeIgniter.php(902): App\Controllers\Chat->index()
 5 SYSTEMPATH/CodeIgniter.php(457): CodeIgniter\CodeIgniter->runController()
 6 SYSTEMPATH/CodeIgniter.php(340): CodeIgniter\CodeIgniter->handleRequest()
 7 FCPATH/index.php(67): CodeIgniter\CodeIgniter->run()
 8 SYSTEMPATH/Commands/Server/rewrite.php(46): require_once('FCPATH/index.php')
CRITICAL - 2022-11-09 01:29:40 --> Illegal offset type
in SYSTEMPATH/Database/BaseBuilder.php on line 711.
 1 SYSTEMPATH/Database/BaseBuilder.php(711): CodeIgniter\Debug\Exceptions->errorHandler()
 2 SYSTEMPATH/Database/BaseBuilder.php(674): CodeIgniter\Database\BaseBuilder->whereHaving()
 3 APPPATH/Controllers/Chat.php(25): CodeIgniter\Database\BaseBuilder->where()
 4 SYSTEMPATH/CodeIgniter.php(902): App\Controllers\Chat->index()
 5 SYSTEMPATH/CodeIgniter.php(457): CodeIgniter\CodeIgniter->runController()
 6 SYSTEMPATH/CodeIgniter.php(340): CodeIgniter\CodeIgniter->handleRequest()
 7 FCPATH/index.php(67): CodeIgniter\CodeIgniter->run()
 8 SYSTEMPATH/Commands/Server/rewrite.php(46): require_once('FCPATH/index.php')
