CRITICAL - 2022-10-19 07:14:45 --> Undefined variable $nip
in APPPATH\Views\index.php on line 24.
 1 APPPATH\Views\index.php(24): CodeIgniter\Debug\Exceptions->errorHandler(2, 'Undefined variable $nip', 'APPPATH\\Views\\index.php', 24)
 2 SYSTEMPATH\View\View.php(213): include('APPPATH\\Views\\index.php')
 3 SYSTEMPATH\View\View.php(216): CodeIgniter\View\View->CodeIgniter\View\{closure}()
 4 SYSTEMPATH\Common.php(1142): CodeIgniter\View\View->render('index', [], true)
 5 APPPATH\Controllers\Home.php(48): view('index', [...])
 6 SYSTEMPATH\CodeIgniter.php(902): App\Controllers\Home->index()
 7 SYSTEMPATH\CodeIgniter.php(457): CodeIgniter\CodeIgniter->runController(Object(App\Controllers\Home))
 8 SYSTEMPATH\CodeIgniter.php(340): CodeIgniter\CodeIgniter->handleRequest(null, Object(Config\Cache), false)
 9 FCPATH\index.php(67): CodeIgniter\CodeIgniter->run()
10 SYSTEMPATH\Commands\Server\rewrite.php(46): require_once('FCPATH\\index.php')
CRITICAL - 2022-10-19 07:18:34 --> Undefined variable $nip_dosen
in APPPATH\Views\index.php on line 118.
 1 APPPATH\Views\index.php(118): CodeIgniter\Debug\Exceptions->errorHandler(2, 'Undefined variable $nip_dosen', 'APPPATH\\Views\\index.php', 118)
 2 SYSTEMPATH\View\View.php(213): include('APPPATH\\Views\\index.php')
 3 SYSTEMPATH\View\View.php(216): CodeIgniter\View\View->CodeIgniter\View\{closure}()
 4 SYSTEMPATH\Common.php(1142): CodeIgniter\View\View->render('index', [], true)
 5 APPPATH\Controllers\Home.php(48): view('index', [...])
 6 SYSTEMPATH\CodeIgniter.php(902): App\Controllers\Home->index()
 7 SYSTEMPATH\CodeIgniter.php(457): CodeIgniter\CodeIgniter->runController(Object(App\Controllers\Home))
 8 SYSTEMPATH\CodeIgniter.php(340): CodeIgniter\CodeIgniter->handleRequest(null, Object(Config\Cache), false)
 9 FCPATH\index.php(67): CodeIgniter\CodeIgniter->run()
10 SYSTEMPATH\Commands\Server\rewrite.php(46): require_once('FCPATH\\index.php')
CRITICAL - 2022-10-19 07:27:10 --> Undefined array key 0
in APPPATH\Controllers\Pages.php on line 62.
 1 APPPATH\Controllers\Pages.php(62): CodeIgniter\Debug\Exceptions->errorHandler(2, 'Undefined array key 0', 'APPPATH\\Controllers\\Pages.php', 62)
 2 SYSTEMPATH\CodeIgniter.php(902): App\Controllers\Pages->search()
 3 SYSTEMPATH\CodeIgniter.php(457): CodeIgniter\CodeIgniter->runController(Object(App\Controllers\Pages))
 4 SYSTEMPATH\CodeIgniter.php(340): CodeIgniter\CodeIgniter->handleRequest(null, Object(Config\Cache), false)
 5 FCPATH\index.php(67): CodeIgniter\CodeIgniter->run()
 6 SYSTEMPATH\Commands\Server\rewrite.php(46): require_once('FCPATH\\index.php')
CRITICAL - 2022-10-19 07:27:21 --> Undefined array key 0
in APPPATH\Controllers\Pages.php on line 62.
 1 APPPATH\Controllers\Pages.php(62): CodeIgniter\Debug\Exceptions->errorHandler(2, 'Undefined array key 0', 'APPPATH\\Controllers\\Pages.php', 62)
 2 SYSTEMPATH\CodeIgniter.php(902): App\Controllers\Pages->search()
 3 SYSTEMPATH\CodeIgniter.php(457): CodeIgniter\CodeIgniter->runController(Object(App\Controllers\Pages))
 4 SYSTEMPATH\CodeIgniter.php(340): CodeIgniter\CodeIgniter->handleRequest(null, Object(Config\Cache), false)
 5 FCPATH\index.php(67): CodeIgniter\CodeIgniter->run()
 6 SYSTEMPATH\Commands\Server\rewrite.php(46): require_once('FCPATH\\index.php')
CRITICAL - 2022-10-19 07:28:00 --> Undefined array key 0
in APPPATH\Controllers\Pages.php on line 62.
 1 APPPATH\Controllers\Pages.php(62): CodeIgniter\Debug\Exceptions->errorHandler(2, 'Undefined array key 0', 'APPPATH\\Controllers\\Pages.php', 62)
 2 SYSTEMPATH\CodeIgniter.php(902): App\Controllers\Pages->search()
 3 SYSTEMPATH\CodeIgniter.php(457): CodeIgniter\CodeIgniter->runController(Object(App\Controllers\Pages))
 4 SYSTEMPATH\CodeIgniter.php(340): CodeIgniter\CodeIgniter->handleRequest(null, Object(Config\Cache), false)
 5 FCPATH\index.php(67): CodeIgniter\CodeIgniter->run()
 6 SYSTEMPATH\Commands\Server\rewrite.php(46): require_once('FCPATH\\index.php')
ERROR - 2022-10-19 07:41:02 --> mysqli_sql_exception: Unknown column 'user' in 'field list' in C:\xampp\htdocs\bimbapp-beta\vendor\codeigniter4\framework\system\Database\MySQLi\Connection.php:292
Stack trace:
#0 C:\xampp\htdocs\bimbapp-beta\vendor\codeigniter4\framework\system\Database\MySQLi\Connection.php(292): mysqli->query('REPLACE INTO `d...', 0)
#1 C:\xampp\htdocs\bimbapp-beta\vendor\codeigniter4\framework\system\Database\BaseConnection.php(693): CodeIgniter\Database\MySQLi\Connection->execute('REPLACE INTO `d...')
#2 C:\xampp\htdocs\bimbapp-beta\vendor\codeigniter4\framework\system\Database\BaseConnection.php(620): CodeIgniter\Database\BaseConnection->simpleQuery('REPLACE INTO `d...')
#3 C:\xampp\htdocs\bimbapp-beta\vendor\codeigniter4\framework\system\Database\BaseBuilder.php(2002): CodeIgniter\Database\BaseConnection->query('REPLACE INTO `d...', Array, false)
#4 C:\xampp\htdocs\bimbapp-beta\app\Controllers\Crud.php(43): CodeIgniter\Database\BaseBuilder->replace(Array)
#5 C:\xampp\htdocs\bimbapp-beta\vendor\codeigniter4\framework\system\CodeIgniter.php(902): App\Controllers\Crud->edit()
#6 C:\xampp\htdocs\bimbapp-beta\vendor\codeigniter4\framework\system\CodeIgniter.php(457): CodeIgniter\CodeIgniter->runController(Object(App\Controllers\Crud))
#7 C:\xampp\htdocs\bimbapp-beta\vendor\codeigniter4\framework\system\CodeIgniter.php(340): CodeIgniter\CodeIgniter->handleRequest(NULL, Object(Config\Cache), false)
#8 C:\xampp\htdocs\bimbapp-beta\public\index.php(67): CodeIgniter\CodeIgniter->run()
#9 C:\xampp\htdocs\bimbapp-beta\vendor\codeigniter4\framework\system\Commands\Server\rewrite.php(46): require_once('C:\\xampp\\htdocs...')
#10 {main}
CRITICAL - 2022-10-19 07:41:02 --> Unknown column 'user' in 'field list'
in SYSTEMPATH\Database\MySQLi\Connection.php on line 292.
 1 SYSTEMPATH\Database\MySQLi\Connection.php(292): mysqli->query('REPLACE INTO `dosen` (`id`, `user`, `pass`, `name`, `level`) VALUES (\'5\', \'197501092014091003\', \'dosen\', \'Agustono Slamet, S.P., M.P\', \'dosen\')', 0)
 2 SYSTEMPATH\Database\BaseConnection.php(693): CodeIgniter\Database\MySQLi\Connection->execute('REPLACE INTO `dosen` (`id`, `user`, `pass`, `name`, `level`) VALUES (\'5\', \'197501092014091003\', \'dosen\', \'Agustono Slamet, S.P., M.P\', \'dosen\')')
 3 SYSTEMPATH\Database\BaseConnection.php(620): CodeIgniter\Database\BaseConnection->simpleQuery('REPLACE INTO `dosen` (`id`, `user`, `pass`, `name`, `level`) VALUES (\'5\', \'197501092014091003\', \'dosen\', \'Agustono Slamet, S.P., M.P\', \'dosen\')')
 4 SYSTEMPATH\Database\BaseBuilder.php(2002): CodeIgniter\Database\BaseConnection->query('REPLACE INTO `dosen` (`id`, `user`, `pass`, `name`, `level`) VALUES (:id:, :user:, :pass:, :name:, :level:)', [...], false)
 5 APPPATH\Controllers\Crud.php(43): CodeIgniter\Database\BaseBuilder->replace([...])
 6 SYSTEMPATH\CodeIgniter.php(902): App\Controllers\Crud->edit()
 7 SYSTEMPATH\CodeIgniter.php(457): CodeIgniter\CodeIgniter->runController(Object(App\Controllers\Crud))
 8 SYSTEMPATH\CodeIgniter.php(340): CodeIgniter\CodeIgniter->handleRequest(null, Object(Config\Cache), false)
 9 FCPATH\index.php(67): CodeIgniter\CodeIgniter->run()
10 SYSTEMPATH\Commands\Server\rewrite.php(46): require_once('FCPATH\\index.php')
ERROR - 2022-10-19 07:44:17 --> mysqli_sql_exception: Unknown column 'user' in 'field list' in C:\xampp\htdocs\bimbapp-beta\vendor\codeigniter4\framework\system\Database\MySQLi\Connection.php:292
Stack trace:
#0 C:\xampp\htdocs\bimbapp-beta\vendor\codeigniter4\framework\system\Database\MySQLi\Connection.php(292): mysqli->query('REPLACE INTO `d...', 0)
#1 C:\xampp\htdocs\bimbapp-beta\vendor\codeigniter4\framework\system\Database\BaseConnection.php(693): CodeIgniter\Database\MySQLi\Connection->execute('REPLACE INTO `d...')
#2 C:\xampp\htdocs\bimbapp-beta\vendor\codeigniter4\framework\system\Database\BaseConnection.php(620): CodeIgniter\Database\BaseConnection->simpleQuery('REPLACE INTO `d...')
#3 C:\xampp\htdocs\bimbapp-beta\vendor\codeigniter4\framework\system\Database\BaseBuilder.php(2002): CodeIgniter\Database\BaseConnection->query('REPLACE INTO `d...', Array, false)
#4 C:\xampp\htdocs\bimbapp-beta\app\Controllers\Crud.php(43): CodeIgniter\Database\BaseBuilder->replace(Array)
#5 C:\xampp\htdocs\bimbapp-beta\vendor\codeigniter4\framework\system\CodeIgniter.php(902): App\Controllers\Crud->edit()
#6 C:\xampp\htdocs\bimbapp-beta\vendor\codeigniter4\framework\system\CodeIgniter.php(457): CodeIgniter\CodeIgniter->runController(Object(App\Controllers\Crud))
#7 C:\xampp\htdocs\bimbapp-beta\vendor\codeigniter4\framework\system\CodeIgniter.php(340): CodeIgniter\CodeIgniter->handleRequest(NULL, Object(Config\Cache), false)
#8 C:\xampp\htdocs\bimbapp-beta\public\index.php(67): CodeIgniter\CodeIgniter->run()
#9 C:\xampp\htdocs\bimbapp-beta\vendor\codeigniter4\framework\system\Commands\Server\rewrite.php(46): require_once('C:\\xampp\\htdocs...')
#10 {main}
CRITICAL - 2022-10-19 07:44:17 --> Unknown column 'user' in 'field list'
in SYSTEMPATH\Database\MySQLi\Connection.php on line 292.
 1 SYSTEMPATH\Database\MySQLi\Connection.php(292): mysqli->query('REPLACE INTO `dosen` (`id`, `user`, `pass`, `name`, `level`) VALUES (\'5\', \'197501092014091003\', \'dosen\', \'Agustono Slamet, S.P., M.P\', \'dosen\')', 0)
 2 SYSTEMPATH\Database\BaseConnection.php(693): CodeIgniter\Database\MySQLi\Connection->execute('REPLACE INTO `dosen` (`id`, `user`, `pass`, `name`, `level`) VALUES (\'5\', \'197501092014091003\', \'dosen\', \'Agustono Slamet, S.P., M.P\', \'dosen\')')
 3 SYSTEMPATH\Database\BaseConnection.php(620): CodeIgniter\Database\BaseConnection->simpleQuery('REPLACE INTO `dosen` (`id`, `user`, `pass`, `name`, `level`) VALUES (\'5\', \'197501092014091003\', \'dosen\', \'Agustono Slamet, S.P., M.P\', \'dosen\')')
 4 SYSTEMPATH\Database\BaseBuilder.php(2002): CodeIgniter\Database\BaseConnection->query('REPLACE INTO `dosen` (`id`, `user`, `pass`, `name`, `level`) VALUES (:id:, :user:, :pass:, :name:, :level:)', [...], false)
 5 APPPATH\Controllers\Crud.php(43): CodeIgniter\Database\BaseBuilder->replace([...])
 6 SYSTEMPATH\CodeIgniter.php(902): App\Controllers\Crud->edit()
 7 SYSTEMPATH\CodeIgniter.php(457): CodeIgniter\CodeIgniter->runController(Object(App\Controllers\Crud))
 8 SYSTEMPATH\CodeIgniter.php(340): CodeIgniter\CodeIgniter->handleRequest(null, Object(Config\Cache), false)
 9 FCPATH\index.php(67): CodeIgniter\CodeIgniter->run()
10 SYSTEMPATH\Commands\Server\rewrite.php(46): require_once('FCPATH\\index.php')
CRITICAL - 2022-10-19 07:48:48 --> Undefined array key 0
in APPPATH\Controllers\Crud.php on line 68.
 1 APPPATH\Controllers\Crud.php(68): CodeIgniter\Debug\Exceptions->errorHandler(2, 'Undefined array key 0', 'APPPATH\\Controllers\\Crud.php', 68)
 2 SYSTEMPATH\CodeIgniter.php(902): App\Controllers\Crud->edit_mhs()
 3 SYSTEMPATH\CodeIgniter.php(457): CodeIgniter\CodeIgniter->runController(Object(App\Controllers\Crud))
 4 SYSTEMPATH\CodeIgniter.php(340): CodeIgniter\CodeIgniter->handleRequest(null, Object(Config\Cache), false)
 5 FCPATH\index.php(67): CodeIgniter\CodeIgniter->run()
 6 SYSTEMPATH\Commands\Server\rewrite.php(46): require_once('FCPATH\\index.php')
CRITICAL - 2022-10-19 07:49:14 --> Undefined array key 0
in APPPATH\Controllers\Crud.php on line 68.
 1 APPPATH\Controllers\Crud.php(68): CodeIgniter\Debug\Exceptions->errorHandler(2, 'Undefined array key 0', 'APPPATH\\Controllers\\Crud.php', 68)
 2 SYSTEMPATH\CodeIgniter.php(902): App\Controllers\Crud->edit_mhs()
 3 SYSTEMPATH\CodeIgniter.php(457): CodeIgniter\CodeIgniter->runController(Object(App\Controllers\Crud))
 4 SYSTEMPATH\CodeIgniter.php(340): CodeIgniter\CodeIgniter->handleRequest(null, Object(Config\Cache), false)
 5 FCPATH\index.php(67): CodeIgniter\CodeIgniter->run()
 6 SYSTEMPATH\Commands\Server\rewrite.php(46): require_once('FCPATH\\index.php')
CRITICAL - 2022-10-19 08:22:49 --> Undefined variable $nip
in APPPATH\Views\index.php on line 74.
 1 APPPATH\Views\index.php(74): CodeIgniter\Debug\Exceptions->errorHandler(2, 'Undefined variable $nip', 'APPPATH\\Views\\index.php', 74)
 2 SYSTEMPATH\View\View.php(213): include('APPPATH\\Views\\index.php')
 3 SYSTEMPATH\View\View.php(216): CodeIgniter\View\View->CodeIgniter\View\{closure}()
 4 SYSTEMPATH\Common.php(1142): CodeIgniter\View\View->render('index', [], true)
 5 APPPATH\Controllers\Home.php(48): view('index', [...])
 6 SYSTEMPATH\CodeIgniter.php(902): App\Controllers\Home->index()
 7 SYSTEMPATH\CodeIgniter.php(457): CodeIgniter\CodeIgniter->runController(Object(App\Controllers\Home))
 8 SYSTEMPATH\CodeIgniter.php(340): CodeIgniter\CodeIgniter->handleRequest(null, Object(Config\Cache), false)
 9 FCPATH\index.php(67): CodeIgniter\CodeIgniter->run()
10 SYSTEMPATH\Commands\Server\rewrite.php(46): require_once('FCPATH\\index.php')
